<?xml version="1.0" encoding="UTF-8"?>
<testng-results skipped="0" failed="0" ignored="1" total="2" passed="1">
  <reporter-output>
  </reporter-output>
  <suite name="Suite" duration-ms="9010" started-at="2018-09-20T13:50:47Z" finished-at="2018-09-20T13:50:56Z">
    <groups>
    </groups>
    <test name="Test" duration-ms="9010" started-at="2018-09-20T13:50:47Z" finished-at="2018-09-20T13:50:56Z">
      <class name="testNGPractise.Practise_02">
        <test-method status="PASS" signature="beforeTest()[pri:0, instance:testNGPractise.Practise_02@5c3bd550]" name="beforeTest" is-config="true" duration-ms="4248" started-at="2018-09-20T13:50:47Z" finished-at="2018-09-20T13:50:52Z">
          <reporter-output>
          </reporter-output>
        </test-method> <!-- beforeTest -->
        <test-method status="PASS" signature="openFacebook()[pri:0, instance:testNGPractise.Practise_02@5c3bd550]" name="openFacebook" duration-ms="3891" started-at="2018-09-20T13:50:52Z" finished-at="2018-09-20T13:50:55Z">
          <reporter-output>
          </reporter-output>
        </test-method> <!-- openFacebook -->
        <test-method status="PASS" signature="afterTest()[pri:0, instance:testNGPractise.Practise_02@5c3bd550]" name="afterTest" is-config="true" duration-ms="843" started-at="2018-09-20T13:50:55Z" finished-at="2018-09-20T13:50:56Z">
          <reporter-output>
          </reporter-output>
        </test-method> <!-- afterTest -->
      </class> <!-- testNGPractise.Practise_02 -->
    </test> <!-- Test -->
  </suite> <!-- Suite -->
</testng-results>
